<?xml version="1.0" encoding="UTF-8"?>
<testsuite name="com.lifetrack.ApplicationTest" tests="1" skipped="0" failures="1" errors="0" timestamp="2025-08-21T09:53:19.898Z" hostname="REvil" time="1.695">
  <properties/>
  <testcase name="testRoot" classname="com.lifetrack.ApplicationTest" time="1.695">
    <failure message="io.ktor.server.config.ApplicationConfigurationException: Property jwt.domain not found." type="io.ktor.server.config.ApplicationConfigurationException">io.ktor.server.config.ApplicationConfigurationException: Property jwt.domain not found.
	at app//io.ktor.server.config.MapApplicationConfig.property(MapApplicationConfig.kt:101)
	at app//com.lifetrack.plugins.SecurityKt.configureSecurity(Security.kt:14)
	at app//com.lifetrack.ApplicationKt.module(Application.kt:16)
	at app//com.lifetrack.ApplicationTest$testRoot$1$1.invokeSuspend(ApplicationTest.kt:14)
	at app//com.lifetrack.ApplicationTest$testRoot$1$1.invoke(ApplicationTest.kt)
	at app//com.lifetrack.ApplicationTest$testRoot$1$1.invoke(ApplicationTest.kt)
	at app//io.ktor.server.engine.EmbeddedServer$toDynamicModuleOrNull$1.invokeSuspend(EmbeddedServerJvm.kt:431)
	at app//io.ktor.server.engine.EmbeddedServer$toDynamicModuleOrNull$1.invoke(EmbeddedServerJvm.kt)
	at app//io.ktor.server.engine.EmbeddedServer$toDynamicModuleOrNull$1.invoke(EmbeddedServerJvm.kt)
	at app//io.ktor.server.application.ApplicationModules_jvmKt$LoadSequentially$1.loadModules(ApplicationModules.jvm.kt:75)
	at app//io.ktor.server.engine.EmbeddedServer$instantiateAndConfigureApplication$1$1.invokeSuspend(EmbeddedServerJvm.kt:385)
	at app//io.ktor.server.engine.EmbeddedServer$instantiateAndConfigureApplication$1$1.invoke(EmbeddedServerJvm.kt)
	at app//io.ktor.server.engine.EmbeddedServer$instantiateAndConfigureApplication$1$1.invoke(EmbeddedServerJvm.kt)
	at app//kotlinx.coroutines.intrinsics.UndispatchedKt.startUndspatched(Undispatched.kt:66)
	at app//kotlinx.coroutines.intrinsics.UndispatchedKt.startUndispatchedOrReturnIgnoreTimeout(Undispatched.kt:50)
	at app//kotlinx.coroutines.TimeoutKt.setupTimeout(Timeout.kt:149)
	at app//kotlinx.coroutines.TimeoutKt.withTimeout(Timeout.kt:44)
	at app//kotlinx.coroutines.TimeoutKt.withTimeout-KLykuaI(Timeout.kt:72)
	at app//io.ktor.server.engine.EmbeddedServer$instantiateAndConfigureApplication$1.invokeSuspend(EmbeddedServerJvm.kt:384)
	at app//io.ktor.server.engine.EmbeddedServer$instantiateAndConfigureApplication$1.invoke(EmbeddedServerJvm.kt)
	at app//io.ktor.server.engine.EmbeddedServer$instantiateAndConfigureApplication$1.invoke(EmbeddedServerJvm.kt)
	at app//io.ktor.server.engine.EmbeddedServer$avoidingDoubleStartup$1.invokeSuspend(EmbeddedServerJvm.kt:450)
	at _COROUTINE._BOUNDARY._(CoroutineDebugging.kt:42)
	at io.ktor.server.engine.EmbeddedServer$instantiateAndConfigureApplication$1.invokeSuspend(EmbeddedServerJvm.kt:384)
	at io.ktor.server.engine.EmbeddedServer$avoidingDoubleStartup$1.invokeSuspend(EmbeddedServerJvm.kt:450)
	at io.ktor.server.testing.TestApplication.start(TestApplication.kt:103)
	at io.ktor.server.testing.client.DelegatingTestClientEngine.execute(DelegatingTestClientEngine.kt:48)
	at io.ktor.client.engine.HttpClientEngine$executeWithinCallContext$2.invokeSuspend(HttpClientEngine.kt:183)
	at io.ktor.client.engine.HttpClientEngine$DefaultImpls.executeWithinCallContext(HttpClientEngine.kt:184)
	at io.ktor.client.engine.HttpClientEngine$install$1.invokeSuspend(HttpClientEngine.kt:154)
	at io.ktor.util.pipeline.DebugPipelineContext.proceedLoop(DebugPipelineContext.kt:79)
	at io.ktor.client.plugins.HttpSend$DefaultSender.execute(HttpSend.kt:132)
	at io.ktor.client.plugins.HttpRedirectKt$HttpRedirect$2$1.invokeSuspend(HttpRedirect.kt:103)
	at io.ktor.client.plugins.api.Send$install$1.invokeSuspend(CommonHooks.kt:52)
	at io.ktor.client.plugins.HttpCallValidatorKt$HttpCallValidator$2$2.invokeSuspend(HttpCallValidator.kt:128)
	at io.ktor.client.plugins.api.Send$install$1.invokeSuspend(CommonHooks.kt:52)
	at io.ktor.client.plugins.HttpSend$Plugin$install$1.invokeSuspend(HttpSend.kt:98)
	at io.ktor.util.pipeline.DebugPipelineContext.proceedLoop(DebugPipelineContext.kt:79)
	at io.ktor.client.plugins.RequestError$install$1.invokeSuspend(HttpCallValidator.kt:150)
	at io.ktor.util.pipeline.DebugPipelineContext.proceedLoop(DebugPipelineContext.kt:79)
	at io.ktor.client.plugins.HttpRequestLifecycleKt$HttpRequestLifecycle$1$1.invokeSuspend(HttpRequestLifecycle.kt:29)
	at io.ktor.client.plugins.SetupRequestContext$install$1.invokeSuspend(HttpRequestLifecycle.kt:42)
	at io.ktor.util.pipeline.DebugPipelineContext.proceedLoop(DebugPipelineContext.kt:79)
	at io.ktor.client.HttpClient.execute$ktor_client_core(HttpClient.kt:1418)
	at io.ktor.client.statement.HttpStatement.fetchResponse(HttpStatement.kt:162)
	at com.lifetrack.ApplicationTest$testRoot$1.invokeSuspend(ApplicationTest.kt:34)
	at io.ktor.server.testing.TestApplicationKt$runTestApplication$2$2.invokeSuspend(TestApplication.kt:534)
	at io.ktor.server.testing.TestApplicationKt.runTestApplication(TestApplication.kt:534)
	at io.ktor.server.testing.TestApplicationKt$testApplication$1.invokeSuspend(TestApplication.kt:517)
	at io.ktor.test.dispatcher.TestCommonKt$runTestWithRealTime$1.invokeSuspend(TestCommon.kt:40)
	at kotlinx.coroutines.test.TestBuildersKt__TestBuildersKt$runTest$2$1$1.invokeSuspend(TestBuilders.kt:317)
Caused by: io.ktor.server.config.ApplicationConfigurationException: Property jwt.domain not found.
	at app//io.ktor.server.config.MapApplicationConfig.property(MapApplicationConfig.kt:101)
	at app//com.lifetrack.plugins.SecurityKt.configureSecurity(Security.kt:14)
	at app//com.lifetrack.ApplicationKt.module(Application.kt:16)
	at app//com.lifetrack.ApplicationTest$testRoot$1$1.invokeSuspend(ApplicationTest.kt:14)
	at app//com.lifetrack.ApplicationTest$testRoot$1$1.invoke(ApplicationTest.kt)
	at app//com.lifetrack.ApplicationTest$testRoot$1$1.invoke(ApplicationTest.kt)
	at app//io.ktor.server.engine.EmbeddedServer$toDynamicModuleOrNull$1.invokeSuspend(EmbeddedServerJvm.kt:431)
	at app//io.ktor.server.engine.EmbeddedServer$toDynamicModuleOrNull$1.invoke(EmbeddedServerJvm.kt)
	at app//io.ktor.server.engine.EmbeddedServer$toDynamicModuleOrNull$1.invoke(EmbeddedServerJvm.kt)
	at app//io.ktor.server.application.ApplicationModules_jvmKt$LoadSequentially$1.loadModules(ApplicationModules.jvm.kt:75)
	at app//io.ktor.server.engine.EmbeddedServer$instantiateAndConfigureApplication$1$1.invokeSuspend(EmbeddedServerJvm.kt:385)
	at app//io.ktor.server.engine.EmbeddedServer$instantiateAndConfigureApplication$1$1.invoke(EmbeddedServerJvm.kt)
	at app//io.ktor.server.engine.EmbeddedServer$instantiateAndConfigureApplication$1$1.invoke(EmbeddedServerJvm.kt)
	at app//kotlinx.coroutines.intrinsics.UndispatchedKt.startUndspatched(Undispatched.kt:66)
	at app//kotlinx.coroutines.intrinsics.UndispatchedKt.startUndispatchedOrReturnIgnoreTimeout(Undispatched.kt:50)
	at app//kotlinx.coroutines.TimeoutKt.setupTimeout(Timeout.kt:149)
	at app//kotlinx.coroutines.TimeoutKt.withTimeout(Timeout.kt:44)
	at app//kotlinx.coroutines.TimeoutKt.withTimeout-KLykuaI(Timeout.kt:72)
	at app//io.ktor.server.engine.EmbeddedServer$instantiateAndConfigureApplication$1.invokeSuspend(EmbeddedServerJvm.kt:384)
	at app//io.ktor.server.engine.EmbeddedServer$instantiateAndConfigureApplication$1.invoke(EmbeddedServerJvm.kt)
	at app//io.ktor.server.engine.EmbeddedServer$instantiateAndConfigureApplication$1.invoke(EmbeddedServerJvm.kt)
	at app//io.ktor.server.engine.EmbeddedServer$avoidingDoubleStartup$1.invokeSuspend(EmbeddedServerJvm.kt:450)
	at app//kotlin.coroutines.jvm.internal.BaseContinuationImpl.resumeWith(ContinuationImpl.kt:33)
	at app//kotlinx.coroutines.DispatchedTask.run(DispatchedTask.kt:100)
	at app//kotlinx.coroutines.EventLoopImplBase.processNextEvent(EventLoop.common.kt:263)
	at app//kotlinx.coroutines.BlockingCoroutine.joinBlocking(Builders.kt:94)
	at app//kotlinx.coroutines.BuildersKt__BuildersKt.runBlocking(Builders.kt:70)
	at app//kotlinx.coroutines.BuildersKt.runBlocking(Unknown Source)
	at app//kotlinx.coroutines.BuildersKt__BuildersKt.runBlocking$default(Builders.kt:48)
	at app//kotlinx.coroutines.BuildersKt.runBlocking$default(Unknown Source)
	at app//io.ktor.server.engine.EmbeddedServer.avoidingDoubleStartup(EmbeddedServerJvm.kt:449)
	at app//io.ktor.server.engine.EmbeddedServer.instantiateAndConfigureApplication(EmbeddedServerJvm.kt:383)
	at app//io.ktor.server.engine.EmbeddedServer.createApplication(EmbeddedServerJvm.kt:169)
	at app//io.ktor.server.engine.EmbeddedServer.start(EmbeddedServerJvm.kt:314)
	at app//io.ktor.server.engine.EmbeddedServer$startSuspend$2.invokeSuspend(EmbeddedServerJvm.kt:341)
	at app//io.ktor.server.engine.EmbeddedServer$startSuspend$2.invoke(EmbeddedServerJvm.kt)
	at app//io.ktor.server.engine.EmbeddedServer$startSuspend$2.invoke(EmbeddedServerJvm.kt)
	at app//kotlinx.coroutines.intrinsics.UndispatchedKt.startUndspatched(Undispatched.kt:66)
	at app//kotlinx.coroutines.intrinsics.UndispatchedKt.startUndispatchedOrReturn(Undispatched.kt:43)
	at app//kotlinx.coroutines.BuildersKt__Builders_commonKt.withContext(Builders.common.kt:165)
	at app//kotlinx.coroutines.BuildersKt.withContext(Unknown Source)
	at app//io.ktor.server.engine.EmbeddedServer.startSuspend(EmbeddedServerJvm.kt:341)
	at app//io.ktor.server.engine.EmbeddedServer.startSuspend$default(EmbeddedServerJvm.kt:340)
	at app//io.ktor.server.testing.TestApplication.start(TestApplication.kt:103)
	at app//io.ktor.server.testing.client.DelegatingTestClientEngine.execute(DelegatingTestClientEngine.kt:48)
	at app//io.ktor.client.engine.HttpClientEngine$executeWithinCallContext$2.invokeSuspend(HttpClientEngine.kt:183)
	at app//kotlin.coroutines.jvm.internal.BaseContinuationImpl.resumeWith(ContinuationImpl.kt:33)
	at app//kotlinx.coroutines.DispatchedTask.run(DispatchedTask.kt:100)
	at app//kotlinx.coroutines.internal.LimitedDispatcher$Worker.run(LimitedDispatcher.kt:124)
	at app//kotlinx.coroutines.scheduling.TaskImpl.run(Tasks.kt:89)
	at app//kotlinx.coroutines.scheduling.CoroutineScheduler.runSafely(CoroutineScheduler.kt:586)
	at app//kotlinx.coroutines.scheduling.CoroutineScheduler$Worker.executeTask(CoroutineScheduler.kt:820)
	at app//kotlinx.coroutines.scheduling.CoroutineScheduler$Worker.runWorker(CoroutineScheduler.kt:717)
	at app//kotlinx.coroutines.scheduling.CoroutineScheduler$Worker.run(CoroutineScheduler.kt:704)
</failure>
  </testcase>
  <system-out><![CDATA[2025-08-21 12:53:21.404 [DefaultDispatcher-worker-2 @call-context#3] INFO  io.ktor.test - No ktor.deployment.watch patterns specified, automatic reload is not active.
]]></system-out>
  <system-err><![CDATA[]]></system-err>
</testsuite>
